2016-12-23 18:29:36  WARN DTDEntityResolver:73 - recognized obsolete hibernate namespace http://hibernate.sourceforge.net/. Use namespace http://www.hibernate.org/dtd/ instead. Refer to Hibernate 3.6 Migration Guide!
2016-12-23 18:29:36  WARN DTDEntityResolver:73 - recognized obsolete hibernate namespace http://hibernate.sourceforge.net/. Use namespace http://www.hibernate.org/dtd/ instead. Refer to Hibernate 3.6 Migration Guide!
2016-12-23 18:29:36  WARN DTDEntityResolver:73 - recognized obsolete hibernate namespace http://hibernate.sourceforge.net/. Use namespace http://www.hibernate.org/dtd/ instead. Refer to Hibernate 3.6 Migration Guide!
2016-12-23 18:29:37  INFO AnnotationSessionFactoryBean:777 - Building new Hibernate SessionFactory
2016-12-23 18:29:38  WARN UUIDHexGenerator:58 - Using org.hibernate.id.UUIDHexGenerator which does not generate IETF RFC 4122 compliant UUID values; consider using org.hibernate.id.UUIDGenerator instead
2016-12-23 18:29:40  INFO EhCacheManagerFactoryBean:100 - Initializing EHCache CacheManager
2016-12-23 18:29:42  INFO XmlBeanDefinitionReader:315 - Loading XML bean definitions from class path resource [conf/spring-views.xml]
2016-12-23 18:29:42  INFO UpdateChecker:98 - New update(s) found: 2.6.5 [http://www.terracotta.org/confluence/display/release/Release+Notes+Ehcache+Core+2.6]. Please check http://ehcache.org for the latest version.
2016-12-23 18:29:42  INFO DefaultListableBeanFactory:557 - Pre-instantiating singletons in org.springframework.beans.factory.support.DefaultListableBeanFactory@1ef650dd: defining beans [error,success]; parent: org.springframework.beans.factory.support.DefaultListableBeanFactory@5dbb6a69
2016-12-23 18:48:20  INFO AnalysisAdvice:39 - 执行类：com.wondersgroup.hall.service.LoginService
2016-12-23 18:48:20  INFO AnalysisAdvice:40 - 执行类方法：getUserInfo
2016-12-23 18:48:20  INFO AnalysisAdvice:41 - 执行时间：245毫秒
2016-12-26 14:01:57  INFO InitServlet:36 -  [InitServlet.init()] hashcode = 96641517
2016-12-26 14:01:59  INFO InitServlet:43 -  [InitServlet.init()] success !!!! 
2016-12-26 14:01:59  INFO XmlBeanDefinitionReader:315 - Loading XML bean definitions from class path resource [conf/spring-context.xml]
2016-12-26 14:02:00  INFO XmlBeanDefinitionReader:315 - Loading XML bean definitions from class path resource [conf/spring-mvc.xml]
2016-12-26 14:02:01  INFO PropertySourcesPlaceholderConfigurer:177 - Loading properties file from class path resource [hibernate.properties]
2016-12-26 14:02:02  INFO DefaultListableBeanFactory:557 - Pre-instantiating singletons in org.springframework.beans.factory.support.DefaultListableBeanFactory@6b064b80: defining beans [bankDecodeLogDAO,bankOperationLogDAO,etpsInfoBankDAO,etpsInvestorBankDAO,bankUserDAO,bankService,bankLoginService,dicHallDao,disputeDao,queryDAO,sysOrganSequenceNoDao,unicodeDao,zwdtBaseInfoDao,zwdtFlowDao,appendixService,applyService,appointCodeService,channelService,disputeService,etpsAfterPermitService,etpsBlocService,investorService,memberService,queryService,unicodeUtil,xmlUtils,sysMaxSerialNoDAO,sysmSequenceDAO,serialService,baseDAO,dicProcessPlaceDao,analysisAdvice,dicProcessPlaceService,userDAO,loginService,org.springframework.context.annotation.internalConfigurationAnnotationProcessor,org.springframework.context.annotation.internalAutowiredAnnotationProcessor,org.springframework.context.annotation.internalRequiredAnnotationProcessor,org.springframework.context.annotation.internalCommonAnnotationProcessor,org.springframework.context.annotation.internalPersistenceAnnotationProcessor,org.springframework.aop.config.internalAutoProxyCreator,org.springframework.cache.annotation.AnnotationCacheOperationSource#0,org.springframework.cache.interceptor.CacheInterceptor#0,org.springframework.cache.config.internalCacheAdvisor,cacheManagerFactory,cacheManager,org.springframework.context.support.PropertySourcesPlaceholderConfigurer#0,dataSource,sessionFactory,defaultLobHandler,nativeJdbcExtractor,txManager,org.springframework.transaction.annotation.AnnotationTransactionAttributeSource#0,org.springframework.transaction.interceptor.TransactionInterceptor#0,org.springframework.transaction.config.internalTransactionAdvisor,bankController,fileController,bankLoginController,appendixController,applyController,channelController,disputeController,bizhallEntryController,establishController,etpsAfterPermitController,etpsBlocController,investorController,memberController,queryController,entryController,loginController,outerController,org.springframework.web.servlet.mvc.annotation.AnnotationMethodHandlerAdapter#0,org.springframework.web.servlet.mvc.annotation.DefaultAnnotationHandlerMapping#0,org.springframework.web.servlet.view.InternalResourceViewResolver#0,org.springframework.web.servlet.view.XmlViewResolver#0,org.springframework.web.servlet.view.UrlBasedViewResolver#0,tilesConfigurer,themeSource,themeResolver,themeChangeInterceptor,sessionInterceptor,org.springframework.web.servlet.resource.DefaultServletHttpRequestHandler#0,org.springframework.web.servlet.handler.SimpleUrlHandlerMapping#0,org.springframework.web.servlet.handler.BeanNameUrlHandlerMapping,org.springframework.web.servlet.mvc.HttpRequestHandlerAdapter,org.springframework.web.servlet.mvc.SimpleControllerHandlerAdapter,exceptionResolver,org.springframework.context.annotation.ConfigurationClassPostProcessor$ImportAwareBeanPostProcessor#0]; root of factory hierarchy
2016-12-26 14:02:02  WARN DTDEntityResolver:73 - recognized obsolete hibernate namespace http://hibernate.sourceforge.net/. Use namespace http://www.hibernate.org/dtd/ instead. Refer to Hibernate 3.6 Migration Guide!
2016-12-26 14:02:03  WARN DTDEntityResolver:73 - recognized obsolete hibernate namespace http://hibernate.sourceforge.net/. Use namespace http://www.hibernate.org/dtd/ instead. Refer to Hibernate 3.6 Migration Guide!
2016-12-26 14:02:03  WARN DTDEntityResolver:73 - recognized obsolete hibernate namespace http://hibernate.sourceforge.net/. Use namespace http://www.hibernate.org/dtd/ instead. Refer to Hibernate 3.6 Migration Guide!
2016-12-26 14:02:03  WARN DTDEntityResolver:73 - recognized obsolete hibernate namespace http://hibernate.sourceforge.net/. Use namespace http://www.hibernate.org/dtd/ instead. Refer to Hibernate 3.6 Migration Guide!
2016-12-26 14:02:03  WARN DTDEntityResolver:73 - recognized obsolete hibernate namespace http://hibernate.sourceforge.net/. Use namespace http://www.hibernate.org/dtd/ instead. Refer to Hibernate 3.6 Migration Guide!
2016-12-26 14:02:03  WARN DTDEntityResolver:73 - recognized obsolete hibernate namespace http://hibernate.sourceforge.net/. Use namespace http://www.hibernate.org/dtd/ instead. Refer to Hibernate 3.6 Migration Guide!
2016-12-26 14:02:03  WARN DTDEntityResolver:73 - recognized obsolete hibernate namespace http://hibernate.sourceforge.net/. Use namespace http://www.hibernate.org/dtd/ instead. Refer to Hibernate 3.6 Migration Guide!
2016-12-26 14:02:03  WARN DTDEntityResolver:73 - recognized obsolete hibernate namespace http://hibernate.sourceforge.net/. Use namespace http://www.hibernate.org/dtd/ instead. Refer to Hibernate 3.6 Migration Guide!
2016-12-26 14:02:03  WARN DTDEntityResolver:73 - recognized obsolete hibernate namespace http://hibernate.sourceforge.net/. Use namespace http://www.hibernate.org/dtd/ instead. Refer to Hibernate 3.6 Migration Guide!
2016-12-26 14:02:03  WARN DTDEntityResolver:73 - recognized obsolete hibernate namespace http://hibernate.sourceforge.net/. Use namespace http://www.hibernate.org/dtd/ instead. Refer to Hibernate 3.6 Migration Guide!
2016-12-26 14:02:03  WARN DTDEntityResolver:73 - recognized obsolete hibernate namespace http://hibernate.sourceforge.net/. Use namespace http://www.hibernate.org/dtd/ instead. Refer to Hibernate 3.6 Migration Guide!
2016-12-26 14:02:03  WARN DTDEntityResolver:73 - recognized obsolete hibernate namespace http://hibernate.sourceforge.net/. Use namespace http://www.hibernate.org/dtd/ instead. Refer to Hibernate 3.6 Migration Guide!
2016-12-26 14:02:04  INFO AnnotationSessionFactoryBean:777 - Building new Hibernate SessionFactory
2016-12-26 14:02:05  WARN UUIDHexGenerator:58 - Using org.hibernate.id.UUIDHexGenerator which does not generate IETF RFC 4122 compliant UUID values; consider using org.hibernate.id.UUIDGenerator instead
2016-12-26 14:02:06  INFO EhCacheManagerFactoryBean:100 - Initializing EHCache CacheManager
2016-12-26 14:02:08  INFO XmlBeanDefinitionReader:315 - Loading XML bean definitions from class path resource [conf/spring-views.xml]
2016-12-26 14:02:08  INFO DefaultListableBeanFactory:557 - Pre-instantiating singletons in org.springframework.beans.factory.support.DefaultListableBeanFactory@6be54e00: defining beans [error,success]; parent: org.springframework.beans.factory.support.DefaultListableBeanFactory@6b064b80
2016-12-26 14:02:08  INFO UpdateChecker:98 - New update(s) found: 2.6.5 [http://www.terracotta.org/confluence/display/release/Release+Notes+Ehcache+Core+2.6]. Please check http://ehcache.org for the latest version.
2016-12-26 14:06:54  INFO AnalysisAdvice:39 - 执行类：com.wondersgroup.hall.service.LoginService
2016-12-26 14:06:54  INFO AnalysisAdvice:40 - 执行类方法：getUserInfo
2016-12-26 14:06:54  INFO AnalysisAdvice:41 - 执行时间：285毫秒
2016-12-26 14:07:18  INFO AnalysisAdvice:39 - 执行类：com.wondersgroup.bizhall.business.service.ChannelService
2016-12-26 14:07:18  INFO AnalysisAdvice:40 - 执行类方法：verify
2016-12-26 14:07:18  INFO AnalysisAdvice:41 - 执行时间：39毫秒
2016-12-26 14:07:21  INFO AnalysisAdvice:39 - 执行类：com.wondersgroup.bizhall.business.service.QueryService
2016-12-26 14:07:21  INFO AnalysisAdvice:40 - 执行类方法：findApplyByConditionWithPage
2016-12-26 14:07:21  INFO AnalysisAdvice:41 - 执行时间：234毫秒
2016-12-26 14:07:21  INFO AnalysisAdvice:39 - 执行类：com.wondersgroup.bizhall.business.service.QueryService
2016-12-26 14:07:21  INFO AnalysisAdvice:40 - 执行类方法：findApplyByConditionWithPage
2016-12-26 14:07:21  INFO AnalysisAdvice:41 - 执行时间：59毫秒
2016-12-26 14:07:24  INFO AnalysisAdvice:39 - 执行类：com.wondersgroup.bizhall.business.service.ApplyService
2016-12-26 14:07:24  INFO AnalysisAdvice:40 - 执行类方法：deleteApply
2016-12-26 14:07:24  INFO AnalysisAdvice:41 - 执行时间：72毫秒
2016-12-26 14:07:24  INFO AnalysisAdvice:39 - 执行类：com.wondersgroup.bizhall.business.service.QueryService
2016-12-26 14:07:24  INFO AnalysisAdvice:40 - 执行类方法：findApplyByConditionWithPage
2016-12-26 14:07:24  INFO AnalysisAdvice:41 - 执行时间：7毫秒
2016-12-26 14:07:25  INFO AnalysisAdvice:39 - 执行类：com.wondersgroup.bizhall.business.service.QueryService
2016-12-26 14:07:25  INFO AnalysisAdvice:40 - 执行类方法：ifDuplicateApplyExist
2016-12-26 14:07:25  INFO AnalysisAdvice:41 - 执行时间：31毫秒
2016-12-26 14:07:25  INFO AnalysisAdvice:39 - 执行类：com.wondersgroup.bizhall.business.service.QueryService
2016-12-26 14:07:25  INFO AnalysisAdvice:40 - 执行类方法：countApplyByEtpsnameAndNameid
2016-12-26 14:07:25  INFO AnalysisAdvice:41 - 执行时间：15毫秒
2016-12-26 14:07:25  INFO AnalysisAdvice:39 - 执行类：com.wondersgroup.bizhall.business.service.QueryService
2016-12-26 14:07:25  INFO AnalysisAdvice:40 - 执行类方法：queryNameInfoByNameId
2016-12-26 14:07:25  INFO AnalysisAdvice:41 - 执行时间：120毫秒
2016-12-26 14:07:25  INFO AnalysisAdvice:39 - 执行类：com.wondersgroup.bizhall.business.service.QueryService
2016-12-26 14:07:25  INFO AnalysisAdvice:40 - 执行类方法：getNameNew
2016-12-26 14:07:25  INFO AnalysisAdvice:41 - 执行时间：45毫秒
2016-12-26 14:07:25  INFO AnalysisAdvice:39 - 执行类：com.wondersgroup.bizhall.serial.service.SerialService
2016-12-26 14:07:25  INFO AnalysisAdvice:40 - 执行类方法：updateAndGetPlainSerialNo
2016-12-26 14:07:25  INFO AnalysisAdvice:41 - 执行时间：61毫秒
2016-12-26 14:07:25  INFO AnalysisAdvice:39 - 执行类：com.wondersgroup.bizhall.business.service.ApplyService
2016-12-26 14:07:25  INFO AnalysisAdvice:40 - 执行类方法：generateEntityId
2016-12-26 14:07:25  INFO AnalysisAdvice:41 - 执行时间：63毫秒
2016-12-26 14:07:25  INFO AnalysisAdvice:39 - 执行类：com.wondersgroup.bizhall.serial.service.SerialService
2016-12-26 14:07:25  INFO AnalysisAdvice:40 - 执行类方法：updateAndGetSequenceNo
2016-12-26 14:07:25  INFO AnalysisAdvice:41 - 执行时间：15毫秒
2016-12-26 14:07:25  INFO AnalysisAdvice:39 - 执行类：com.wondersgroup.bizhall.serial.service.SerialService
2016-12-26 14:07:25  INFO AnalysisAdvice:40 - 执行类方法：updateAndGetSequenceNo
2016-12-26 14:07:25  INFO AnalysisAdvice:41 - 执行时间：7毫秒
2016-12-26 14:07:25  INFO AnalysisAdvice:39 - 执行类：com.wondersgroup.bizhall.serial.service.SerialService
2016-12-26 14:07:25  INFO AnalysisAdvice:40 - 执行类方法：updateAndGetPlainSerialNo
2016-12-26 14:07:25  INFO AnalysisAdvice:41 - 执行时间：17毫秒
2016-12-26 14:07:25  INFO AnalysisAdvice:39 - 执行类：com.wondersgroup.bizhall.business.service.ApplyService
2016-12-26 14:07:25  INFO AnalysisAdvice:40 - 执行类方法：generateAppNo
2016-12-26 14:07:25  INFO AnalysisAdvice:41 - 执行时间：20毫秒
2016-12-26 14:07:25  INFO AnalysisAdvice:39 - 执行类：com.wondersgroup.bizhall.business.service.ApplyService
2016-12-26 14:07:25  INFO AnalysisAdvice:40 - 执行类方法：saveApply
2016-12-26 14:07:25  INFO AnalysisAdvice:41 - 执行时间：46毫秒
2016-12-26 14:07:25  INFO AnalysisAdvice:39 - 执行类：com.wondersgroup.bizhall.business.service.QueryService
2016-12-26 14:07:25  INFO AnalysisAdvice:40 - 执行类方法：queryParentInfoByName
2016-12-26 14:07:25  INFO AnalysisAdvice:41 - 执行时间：34毫秒
2016-12-26 14:07:38  INFO AnalysisAdvice:39 - 执行类：com.wondersgroup.bizhall.business.service.QueryService
2016-12-26 14:07:38  INFO AnalysisAdvice:40 - 执行类方法：getEtpsApp
2016-12-26 14:07:38  INFO AnalysisAdvice:41 - 执行时间：265毫秒
2016-12-26 14:07:38  INFO AnalysisAdvice:39 - 执行类：com.wondersgroup.bizhall.business.service.ApplyService
2016-12-26 14:07:38  INFO AnalysisAdvice:40 - 执行类方法：updateApply
2016-12-26 14:07:38  INFO AnalysisAdvice:41 - 执行时间：46毫秒
2016-12-26 14:07:38  INFO AnalysisAdvice:39 - 执行类：com.wondersgroup.bizhall.business.service.QueryService
2016-12-26 14:07:38  INFO AnalysisAdvice:40 - 执行类方法：getEtpsApp
2016-12-26 14:07:38  INFO AnalysisAdvice:41 - 执行时间：11毫秒
2016-12-26 14:07:38  INFO AnalysisAdvice:39 - 执行类：com.wondersgroup.bizhall.business.service.QueryService
2016-12-26 14:07:38  INFO AnalysisAdvice:40 - 执行类方法：getEtpsApp
2016-12-26 14:07:38  INFO AnalysisAdvice:41 - 执行时间：430毫秒
2016-12-26 14:07:38  INFO AnalysisAdvice:39 - 执行类：com.wondersgroup.bizhall.business.service.EtpsAfterPermitService
2016-12-26 14:07:38  INFO AnalysisAdvice:40 - 执行类方法：findBy
2016-12-26 14:07:38  INFO AnalysisAdvice:41 - 执行时间：8毫秒
2016-12-26 14:07:39  INFO AnalysisAdvice:39 - 执行类：com.wondersgroup.bizhall.business.service.QueryService
2016-12-26 14:07:39  INFO AnalysisAdvice:40 - 执行类方法：queryNameInfo
2016-12-26 14:07:39  INFO AnalysisAdvice:41 - 执行时间：395毫秒
2016-12-26 14:07:39  INFO AnalysisAdvice:39 - 执行类：com.wondersgroup.bizhall.business.service.QueryService
2016-12-26 14:07:39  INFO AnalysisAdvice:40 - 执行类方法：queryParentInfoByName
2016-12-26 14:07:39  INFO AnalysisAdvice:41 - 执行时间：15毫秒
2016-12-26 14:27:11  INFO AnalysisAdvice:39 - 执行类：com.wondersgroup.bizhall.business.service.QueryService
2016-12-26 14:27:11  INFO AnalysisAdvice:40 - 执行类方法：getEtpsApp
2016-12-26 14:27:11  INFO AnalysisAdvice:41 - 执行时间：263毫秒
2016-12-26 14:27:11  INFO AnalysisAdvice:39 - 执行类：com.wondersgroup.bizhall.business.service.EtpsAfterPermitService
2016-12-26 14:27:11  INFO AnalysisAdvice:40 - 执行类方法：findBy
2016-12-26 14:27:11  INFO AnalysisAdvice:41 - 执行时间：7毫秒
2016-12-26 14:27:11  INFO AnalysisAdvice:39 - 执行类：com.wondersgroup.bizhall.business.service.QueryService
2016-12-26 14:27:11  INFO AnalysisAdvice:40 - 执行类方法：queryNameInfo
2016-12-26 14:27:11  INFO AnalysisAdvice:41 - 执行时间：390毫秒
2016-12-26 14:27:11  INFO AnalysisAdvice:39 - 执行类：com.wondersgroup.bizhall.business.service.QueryService
2016-12-26 14:27:11  INFO AnalysisAdvice:40 - 执行类方法：queryParentInfoByName
2016-12-26 14:27:11  INFO AnalysisAdvice:41 - 执行时间：15毫秒
2016-12-26 14:38:24  INFO AnalysisAdvice:39 - 执行类：com.wondersgroup.hall.service.LoginService
2016-12-26 14:38:24  INFO AnalysisAdvice:40 - 执行类方法：getUserInfo
2016-12-26 14:38:24  INFO AnalysisAdvice:41 - 执行时间：98毫秒
2016-12-26 14:38:43  INFO AnalysisAdvice:39 - 执行类：com.wondersgroup.bizhall.business.service.ChannelService
2016-12-26 14:38:43  INFO AnalysisAdvice:40 - 执行类方法：verify
2016-12-26 14:38:43  INFO AnalysisAdvice:41 - 执行时间：0毫秒
2016-12-26 14:38:50  INFO AnalysisAdvice:39 - 执行类：com.wondersgroup.bizhall.business.service.ChannelService
2016-12-26 14:38:50  INFO AnalysisAdvice:40 - 执行类方法：verify
2016-12-26 14:38:50  INFO AnalysisAdvice:41 - 执行时间：16毫秒
2016-12-26 14:39:18  INFO AnalysisAdvice:39 - 执行类：com.wondersgroup.bizhall.business.service.ChannelService
2016-12-26 14:39:18  INFO AnalysisAdvice:40 - 执行类方法：verify
2016-12-26 14:39:18  INFO AnalysisAdvice:41 - 执行时间：0毫秒
2016-12-26 15:10:50  WARN JDBCExceptionReporter:233 - SQL Error: -79716, SQLState: IX000
2016-12-26 15:10:50 ERROR JDBCExceptionReporter:234 - System or internal error java.net.SocketTimeoutException: Read timed out
2016-12-26 15:10:50  INFO XmlBeanDefinitionReader:315 - Loading XML bean definitions from class path resource [org/springframework/jdbc/support/sql-error-codes.xml]
2016-12-26 15:10:50  INFO SQLErrorCodesFactory:126 - SQLErrorCodes loaded: [DB2, Derby, H2, HSQL, Informix, MS-SQL, MySQL, Oracle, PostgreSQL, Sybase]
2016-12-26 15:10:50  WARN JDBCExceptionReporter:233 - SQL Error: 0, SQLState: null
2016-12-26 15:10:50 ERROR JDBCExceptionReporter:234 - Already closed.
2016-12-26 15:10:50  WARN JDBCExceptionReporter:233 - SQL Error: 0, SQLState: null
2016-12-26 15:10:50 ERROR JDBCExceptionReporter:234 - Already closed.
2016-12-26 15:10:50  WARN SimpleMappingExceptionResolver:185 - Handler execution resulted in exception
org.springframework.jdbc.UncategorizedSQLException: Hibernate operation: could not load an entity: [com.wondersgroup.bizhall.business.bo.EtpsApp#41000003201612265000]; uncategorized SQLException for SQL [select etpsapp0_.app_no as app1_3_0_, etpsapp0_.last_app_no as last2_3_0_, etpsapp0_.accpt_no as accpt3_3_0_, etpsapp0_.app_date as app4_3_0_, etpsapp0_.app_type_id as app5_3_0_, etpsapp0_.app_case_type as app6_3_0_, etpsapp0_.thread_id as thread7_3_0_, etpsapp0_.etps_id as etps8_3_0_, etpsapp0_.etps_name as etps9_3_0_, etpsapp0_.ori_sub_obj_id as ori10_3_0_, etpsapp0_.sub_obj_id as sub11_3_0_, etpsapp0_.flow_id as flow12_3_0_, etpsapp0_.node_id as node13_3_0_, etpsapp0_.status_id as status14_3_0_, etpsapp0_.status_date as status15_3_0_, etpsapp0_.plan_date as plan16_3_0_, etpsapp0_.app_mode as app17_3_0_, etpsapp0_.fee_standard as fee18_3_0_, etpsapp0_.need_check as need19_3_0_, etpsapp0_.check_item as check20_3_0_, etpsapp0_.check_reason as check21_3_0_, etpsapp0_.check_date as check22_3_0_, etpsapp0_.check_staff as check23_3_0_, etpsapp0_.check_result as check24_3_0_, etpsapp0_.check_notice_no as check25_3_0_, etpsapp0_.if_shiju as if26_3_0_, etpsapp0_.if_green as if27_3_0_, etpsapp0_.current_flag as current28_3_0_, etpsapp0_.status_flag as status29_3_0_, etpsapp0_.memo as memo3_0_, etpsapp0_.appoint_staff as appoint31_3_0_, etpsapp0_.appoint_status as appoint32_3_0_, etpsapp0_.apply_organ as apply33_3_0_, etpsapp0_.reg_organ as reg34_3_0_, etpsapp0_.real_organ as real35_3_0_, etpsapp0_.change_items as change36_3_0_, etpsapp0_.declare_status as declare37_3_0_, etpsapp0_.change_info as change38_3_0_, etpsapp0_.accept_date as accept39_3_0_, etpsapp0_.approve_date as approve40_3_0_, etpsapp0_.declare_paper as declare41_3_0_, etpsapp0_.declare_date as declare42_3_0_, etpsapp0_.app_type_gb as app43_3_0_, etpsapp0_.app_mode_sh as app44_3_0_, etpsapp0_.app_version as app45_3_0_, etpsapp0_.modify_items as modify46_3_0_, etpsapp0_.if_spot as if47_3_0_, etpsapp0_.is_enprise_reform as is48_3_0_, etpsapp0_.change_items_gb as change49_3_0_, etpsapp0_.web_status_id as web50_3_0_, etpsapp0_.check_organ as check51_3_0_, etpsapp0_.check_opnn as check52_3_0_, etpsapp0_.zb_numb as zb53_3_0_, etpsapp0_.fb_numb as fb54_3_0_, etpsapp0_.key_numb as key55_3_0_, etpsapp0_.licence_remark as licence56_3_0_, etpsapp0_.user_id as user57_3_0_, etpsapp0_.p_etps_id as p58_3_0_, etpsapp0_.if_college as if59_3_0_, etpsapp0_.plan_rcd_id as plan60_3_0_, etpsapp0_.app_notice_no as app61_3_0_, etpsapp0_.oper_type as oper62_3_0_, etpsapp0_.is_blsp as is63_3_0_, etpsapp0_.appointed_times as appointed64_3_0_, etpsapp0_.blsp_key as blsp65_3_0_, etpsapp0_.user_mobile as user66_3_0_ from etps_app_actv etpsapp0_ where etpsapp0_.app_no=?]; SQL state [IX000]; error code [-79716]; System or internal error java.net.SocketTimeoutException: Read timed out; nested exception is java.sql.SQLException: System or internal error java.net.SocketTimeoutException: Read timed out
	at org.springframework.jdbc.support.AbstractFallbackSQLExceptionTranslator.translate(AbstractFallbackSQLExceptionTranslator.java:83)
	at org.springframework.jdbc.support.AbstractFallbackSQLExceptionTranslator.translate(AbstractFallbackSQLExceptionTranslator.java:80)
	at org.springframework.jdbc.support.AbstractFallbackSQLExceptionTranslator.translate(AbstractFallbackSQLExceptionTranslator.java:80)
	at org.springframework.orm.hibernate3.HibernateAccessor.convertJdbcAccessException(HibernateAccessor.java:424)
	at org.springframework.orm.hibernate3.HibernateAccessor.convertHibernateAccessException(HibernateAccessor.java:410)
	at org.springframework.orm.hibernate3.HibernateTemplate.doExecute(HibernateTemplate.java:411)
	at org.springframework.orm.hibernate3.HibernateTemplate.executeWithNativeSession(HibernateTemplate.java:374)
	at org.springframework.orm.hibernate3.HibernateTemplate.get(HibernateTemplate.java:512)
	at org.springframework.orm.hibernate3.HibernateTemplate.get(HibernateTemplate.java:506)
	at com.wondersgroup.common.dao.BaseDAO.get(BaseDAO.java:79)
	at com.wondersgroup.bizhall.business.service.QueryService.getEtpsApp(QueryService.java:490)
	at com.wondersgroup.bizhall.business.service.QueryService$$FastClassByCGLIB$$edf34c98.invoke(<generated>)
	at net.sf.cglib.proxy.MethodProxy.invoke(MethodProxy.java:149)
	at org.springframework.aop.framework.Cglib2AopProxy$CglibMethodInvocation.invokeJoinpoint(Cglib2AopProxy.java:689)
	at org.springframework.aop.framework.ReflectiveMethodInvocation.proceed(ReflectiveMethodInvocation.java:150)
	at org.springframework.aop.aspectj.MethodInvocationProceedingJoinPoint.proceed(MethodInvocationProceedingJoinPoint.java:80)
	at com.wondersgroup.common.interceptor.AnalysisAdvice.doAround(AnalysisAdvice.java:34)
	at sun.reflect.GeneratedMethodAccessor47.invoke(Unknown Source)
	at sun.reflect.DelegatingMethodAccessorImpl.invoke(DelegatingMethodAccessorImpl.java:25)
	at java.lang.reflect.Method.invoke(Method.java:597)
	at org.springframework.aop.aspectj.AbstractAspectJAdvice.invokeAdviceMethodWithGivenArgs(AbstractAspectJAdvice.java:621)
	at org.springframework.aop.aspectj.AbstractAspectJAdvice.invokeAdviceMethod(AbstractAspectJAdvice.java:610)
	at org.springframework.aop.aspectj.AspectJAroundAdvice.invoke(AspectJAroundAdvice.java:65)
	at org.springframework.aop.framework.ReflectiveMethodInvocation.proceed(ReflectiveMethodInvocation.java:172)
	at org.springframework.aop.aspectj.AspectJAfterAdvice.invoke(AspectJAfterAdvice.java:42)
	at org.springframework.aop.framework.ReflectiveMethodInvocation.proceed(ReflectiveMethodInvocation.java:172)
	at org.springframework.aop.aspectj.AspectJAfterThrowingAdvice.invoke(AspectJAfterThrowingAdvice.java:55)
	at org.springframework.aop.framework.ReflectiveMethodInvocation.proceed(ReflectiveMethodInvocation.java:172)
	at org.springframework.aop.framework.adapter.MethodBeforeAdviceInterceptor.invoke(MethodBeforeAdviceInterceptor.java:50)
	at org.springframework.aop.framework.ReflectiveMethodInvocation.proceed(ReflectiveMethodInvocation.java:172)
	at org.springframework.transaction.interceptor.TransactionInterceptor.invoke(TransactionInterceptor.java:110)
	at org.springframework.aop.framework.ReflectiveMethodInvocation.proceed(ReflectiveMethodInvocation.java:172)
	at org.springframework.aop.interceptor.ExposeInvocationInterceptor.invoke(ExposeInvocationInterceptor.java:90)
	at org.springframework.aop.framework.ReflectiveMethodInvocation.proceed(ReflectiveMethodInvocation.java:172)
	at org.springframework.aop.framework.Cglib2AopProxy$DynamicAdvisedInterceptor.intercept(Cglib2AopProxy.java:622)
	at com.wondersgroup.bizhall.business.service.QueryService$$EnhancerByCGLIB$$be9575f3.getEtpsApp(<generated>)
	at com.wondersgroup.bizhall.business.web.controller.EstablishController.editApply(EstablishController.java:115)
	at sun.reflect.NativeMethodAccessorImpl.invoke0(Native Method)
	at sun.reflect.NativeMethodAccessorImpl.invoke(NativeMethodAccessorImpl.java:39)
	at sun.reflect.DelegatingMethodAccessorImpl.invoke(DelegatingMethodAccessorImpl.java:25)
	at java.lang.reflect.Method.invoke(Method.java:597)
	at org.springframework.web.bind.annotation.support.HandlerMethodInvoker.invokeHandlerMethod(HandlerMethodInvoker.java:175)
	at org.springframework.web.servlet.mvc.annotation.AnnotationMethodHandlerAdapter.invokeHandlerMethod(AnnotationMethodHandlerAdapter.java:436)
	at org.springframework.web.servlet.mvc.annotation.AnnotationMethodHandlerAdapter.handle(AnnotationMethodHandlerAdapter.java:424)
	at org.springframework.web.servlet.DispatcherServlet.doDispatch(DispatcherServlet.java:900)
	at org.springframework.web.servlet.DispatcherServlet.doService(DispatcherServlet.java:827)
	at org.springframework.web.servlet.FrameworkServlet.processRequest(FrameworkServlet.java:874)
	at org.springframework.web.servlet.FrameworkServlet.doGet(FrameworkServlet.java:779)
	at javax.servlet.http.HttpServlet.service(HttpServlet.java:617)
	at javax.servlet.http.HttpServlet.service(HttpServlet.java:717)
	at org.apache.catalina.core.ApplicationFilterChain.internalDoFilter(ApplicationFilterChain.java:290)
	at org.apache.catalina.core.ApplicationFilterChain.doFilter(ApplicationFilterChain.java:206)
	at org.springframework.web.filter.HiddenHttpMethodFilter.doFilterInternal(HiddenHttpMethodFilter.java:77)
	at org.springframework.web.filter.OncePerRequestFilter.doFilter(OncePerRequestFilter.java:76)
	at org.apache.catalina.core.ApplicationFilterChain.internalDoFilter(ApplicationFilterChain.java:235)
	at org.apache.catalina.core.ApplicationFilterChain.doFilter(ApplicationFilterChain.java:206)
	at com.wondersgroup.common.filter.XSSFilter.doFilter(XSSFilter.java:87)
	at org.apache.catalina.core.ApplicationFilterChain.internalDoFilter(ApplicationFilterChain.java:235)
	at org.apache.catalina.core.ApplicationFilterChain.doFilter(ApplicationFilterChain.java:206)
	at org.springframework.web.filter.CharacterEncodingFilter.doFilterInternal(CharacterEncodingFilter.java:88)
	at org.springframework.web.filter.OncePerRequestFilter.doFilter(OncePerRequestFilter.java:76)
	at org.apache.catalina.core.ApplicationFilterChain.internalDoFilter(ApplicationFilterChain.java:235)
	at org.apache.catalina.core.ApplicationFilterChain.doFilter(ApplicationFilterChain.java:206)
	at org.apache.catalina.core.StandardWrapperValve.invoke(StandardWrapperValve.java:233)
	at org.apache.catalina.core.StandardContextValve.invoke(StandardContextValve.java:191)
	at org.apache.catalina.core.StandardHostValve.invoke(StandardHostValve.java:127)
	at org.apache.catalina.valves.ErrorReportValve.invoke(ErrorReportValve.java:102)
	at org.apache.catalina.valves.AccessLogValve.invoke(AccessLogValve.java:555)
	at org.apache.catalina.core.StandardEngineValve.invoke(StandardEngineValve.java:109)
	at org.apache.catalina.connector.CoyoteAdapter.service(CoyoteAdapter.java:298)
	at org.apache.coyote.http11.Http11Processor.process(Http11Processor.java:852)
	at org.apache.coyote.http11.Http11Protocol$Http11ConnectionHandler.process(Http11Protocol.java:588)
	at org.apache.tomcat.util.net.JIoEndpoint$Worker.run(JIoEndpoint.java:489)
	at java.lang.Thread.run(Thread.java:662)
Caused by: java.sql.SQLException: System or internal error java.net.SocketTimeoutException: Read timed out
	at com.informix.util.IfxErrMsg.getSQLException(IfxErrMsg.java:483)
	at com.informix.jdbc.IfxSqli.a(IfxSqli.java:9184)
	at com.informix.jdbc.IfxSqli.receiveMessage(IfxSqli.java:2519)
	at com.informix.jdbc.IfxSqli.executePrepare(IfxSqli.java:1360)
	at com.informix.jdbc.IfxPreparedStatement.e(IfxPreparedStatement.java:320)
	at com.informix.jdbc.IfxPreparedStatement.a(IfxPreparedStatement.java:300)
	at com.informix.jdbc.IfxPreparedStatement.<init>(IfxPreparedStatement.java:170)
	at com.informix.jdbc.IfxSqliConnect.h(IfxSqliConnect.java:6537)
	at com.informix.jdbc.IfxSqliConnect.prepareStatement(IfxSqliConnect.java:2348)
	at org.apache.tomcat.dbcp.dbcp.DelegatingConnection.prepareStatement(DelegatingConnection.java:248)
	at org.apache.tomcat.dbcp.dbcp.PoolingDataSource$PoolGuardConnectionWrapper.prepareStatement(PoolingDataSource.java:302)
	at org.hibernate.jdbc.AbstractBatcher.getPreparedStatement(AbstractBatcher.java:534)
	at org.hibernate.jdbc.AbstractBatcher.getPreparedStatement(AbstractBatcher.java:452)
	at org.hibernate.jdbc.AbstractBatcher.prepareQueryStatement(AbstractBatcher.java:161)
	at org.hibernate.loader.Loader.prepareQueryStatement(Loader.java:1700)
	at org.hibernate.loader.Loader.doQuery(Loader.java:801)
	at org.hibernate.loader.Loader.doQueryAndInitializeNonLazyCollections(Loader.java:274)
	at org.hibernate.loader.Loader.loadEntity(Loader.java:2037)
	at org.hibernate.loader.entity.AbstractEntityLoader.load(AbstractEntityLoader.java:86)
	at org.hibernate.loader.entity.AbstractEntityLoader.load(AbstractEntityLoader.java:76)
	at org.hibernate.persister.entity.AbstractEntityPersister.load(AbstractEntityPersister.java:3293)
	at org.hibernate.event.def.DefaultLoadEventListener.loadFromDatasource(DefaultLoadEventListener.java:496)
	at org.hibernate.event.def.DefaultLoadEventListener.doLoad(DefaultLoadEventListener.java:477)
	at org.hibernate.event.def.DefaultLoadEventListener.load(DefaultLoadEventListener.java:227)
	at org.hibernate.event.def.DefaultLoadEventListener.proxyOrLoad(DefaultLoadEventListener.java:285)
	at org.hibernate.event.def.DefaultLoadEventListener.onLoad(DefaultLoadEventListener.java:152)
	at org.hibernate.impl.SessionImpl.fireLoad(SessionImpl.java:1090)
	at org.hibernate.impl.SessionImpl.get(SessionImpl.java:1005)
	at org.hibernate.impl.SessionImpl.get(SessionImpl.java:998)
	at org.springframework.orm.hibernate3.HibernateTemplate$1.doInHibernate(HibernateTemplate.java:519)
	at org.springframework.orm.hibernate3.HibernateTemplate.doExecute(HibernateTemplate.java:406)
	... 68 more
Caused by: java.net.SocketTimeoutException: Read timed out
	at java.net.SocketInputStream.socketRead0(Native Method)
	at java.net.SocketInputStream.read(SocketInputStream.java:129)
	at java.io.BufferedInputStream.fill(BufferedInputStream.java:218)
	at java.io.BufferedInputStream.read1(BufferedInputStream.java:258)
	at java.io.BufferedInputStream.read(BufferedInputStream.java:317)
	at com.informix.asf.IfxDataInputStream.readFully(IfxDataInputStream.java:146)
	at com.informix.asf.IfxDataInputStream.readSmallInt(IfxDataInputStream.java:453)
	at com.informix.jdbc.IfxSqli.receiveMessage(IfxSqli.java:2495)
	... 96 more
2016-12-26 15:12:56  INFO InitServlet:36 -  [InitServlet.init()] hashcode = 995807706
2016-12-26 15:12:58  INFO InitServlet:43 -  [InitServlet.init()] success !!!! 
2016-12-26 15:12:58  INFO XmlBeanDefinitionReader:315 - Loading XML bean definitions from class path resource [conf/spring-context.xml]
2016-12-26 15:12:59  INFO XmlBeanDefinitionReader:315 - Loading XML bean definitions from class path resource [conf/spring-mvc.xml]
2016-12-26 15:13:00  INFO PropertySourcesPlaceholderConfigurer:177 - Loading properties file from class path resource [hibernate.properties]
2016-12-26 15:13:01  INFO DefaultListableBeanFactory:557 - Pre-instantiating singletons in org.springframework.beans.factory.support.DefaultListableBeanFactory@91456c5: defining beans [bankDecodeLogDAO,bankOperationLogDAO,etpsInfoBankDAO,etpsInvestorBankDAO,bankUserDAO,bankService,bankLoginService,dicHallDao,disputeDao,queryDAO,sysOrganSequenceNoDao,unicodeDao,zwdtBaseInfoDao,zwdtFlowDao,appendixService,applyService,appointCodeService,channelService,disputeService,etpsAfterPermitService,etpsBlocService,investorService,memberService,queryService,unicodeUtil,xmlUtils,sysMaxSerialNoDAO,sysmSequenceDAO,serialService,baseDAO,dicProcessPlaceDao,analysisAdvice,dicProcessPlaceService,userDAO,loginService,org.springframework.context.annotation.internalConfigurationAnnotationProcessor,org.springframework.context.annotation.internalAutowiredAnnotationProcessor,org.springframework.context.annotation.internalRequiredAnnotationProcessor,org.springframework.context.annotation.internalCommonAnnotationProcessor,org.springframework.context.annotation.internalPersistenceAnnotationProcessor,org.springframework.aop.config.internalAutoProxyCreator,org.springframework.cache.annotation.AnnotationCacheOperationSource#0,org.springframework.cache.interceptor.CacheInterceptor#0,org.springframework.cache.config.internalCacheAdvisor,cacheManagerFactory,cacheManager,org.springframework.context.support.PropertySourcesPlaceholderConfigurer#0,dataSource,sessionFactory,defaultLobHandler,nativeJdbcExtractor,txManager,org.springframework.transaction.annotation.AnnotationTransactionAttributeSource#0,org.springframework.transaction.interceptor.TransactionInterceptor#0,org.springframework.transaction.config.internalTransactionAdvisor,bankController,fileController,bankLoginController,appendixController,applyController,channelController,disputeController,bizhallEntryController,establishController,etpsAfterPermitController,etpsBlocController,investorController,memberController,queryController,entryController,loginController,outerController,org.springframework.web.servlet.mvc.annotation.AnnotationMethodHandlerAdapter#0,org.springframework.web.servlet.mvc.annotation.DefaultAnnotationHandlerMapping#0,org.springframework.web.servlet.view.InternalResourceViewResolver#0,org.springframework.web.servlet.view.XmlViewResolver#0,org.springframework.web.servlet.view.UrlBasedViewResolver#0,tilesConfigurer,themeSource,themeResolver,themeChangeInterceptor,sessionInterceptor,org.springframework.web.servlet.resource.DefaultServletHttpRequestHandler#0,org.springframework.web.servlet.handler.SimpleUrlHandlerMapping#0,org.springframework.web.servlet.handler.BeanNameUrlHandlerMapping,org.springframework.web.servlet.mvc.HttpRequestHandlerAdapter,org.springframework.web.servlet.mvc.SimpleControllerHandlerAdapter,exceptionResolver,org.springframework.context.annotation.ConfigurationClassPostProcessor$ImportAwareBeanPostProcessor#0]; root of factory hierarchy
2016-12-26 15:13:02  WARN DTDEntityResolver:73 - recognized obsolete hibernate namespace http://hibernate.sourceforge.net/. Use namespace http://www.hibernate.org/dtd/ instead. Refer to Hibernate 3.6 Migration Guide!
2016-12-26 15:13:02  WARN DTDEntityResolver:73 - recognized obsolete hibernate namespace http://hibernate.sourceforge.net/. Use namespace http://www.hibernate.org/dtd/ instead. Refer to Hibernate 3.6 Migration Guide!
2016-12-26 15:13:02  WARN DTDEntityResolver:73 - recognized obsolete hibernate namespace http://hibernate.sourceforge.net/. Use namespace http://www.hibernate.org/dtd/ instead. Refer to Hibernate 3.6 Migration Guide!
2016-12-26 15:13:02  WARN DTDEntityResolver:73 - recognized obsolete hibernate namespace http://hibernate.sourceforge.net/. Use namespace http://www.hibernate.org/dtd/ instead. Refer to Hibernate 3.6 Migration Guide!
2016-12-26 15:13:02  WARN DTDEntityResolver:73 - recognized obsolete hibernate namespace http://hibernate.sourceforge.net/. Use namespace http://www.hibernate.org/dtd/ instead. Refer to Hibernate 3.6 Migration Guide!
2016-12-26 15:13:02  WARN DTDEntityResolver:73 - recognized obsolete hibernate namespace http://hibernate.sourceforge.net/. Use namespace http://www.hibernate.org/dtd/ instead. Refer to Hibernate 3.6 Migration Guide!
2016-12-26 15:13:02  WARN DTDEntityResolver:73 - recognized obsolete hibernate namespace http://hibernate.sourceforge.net/. Use namespace http://www.hibernate.org/dtd/ instead. Refer to Hibernate 3.6 Migration Guide!
2016-12-26 15:13:02  WARN DTDEntityResolver:73 - recognized obsolete hibernate namespace http://hibernate.sourceforge.net/. Use namespace http://www.hibernate.org/dtd/ instead. Refer to Hibernate 3.6 Migration Guide!
2016-12-26 15:13:02  WARN DTDEntityResolver:73 - recognized obsolete hibernate namespace http://hibernate.sourceforge.net/. Use namespace http://www.hibernate.org/dtd/ instead. Refer to Hibernate 3.6 Migration Guide!
2016-12-26 15:13:02  WARN DTDEntityResolver:73 - recognized obsolete hibernate namespace http://hibernate.sourceforge.net/. Use namespace http://www.hibernate.org/dtd/ instead. Refer to Hibernate 3.6 Migration Guide!
2016-12-26 15:13:02  WARN DTDEntityResolver:73 - recognized obsolete hibernate namespace http://hibernate.sourceforge.net/. Use namespace http://www.hibernate.org/dtd/ instead. Refer to Hibernate 3.6 Migration Guide!
2016-12-26 15:13:02  WARN DTDEntityResolver:73 - recognized obsolete hibernate namespace http://hibernate.sourceforge.net/. Use namespace http://www.hibernate.org/dtd/ instead. Refer to Hibernate 3.6 Migration Guide!
2016-12-26 15:13:03  INFO AnnotationSessionFactoryBean:777 - Building new Hibernate SessionFactory
2016-12-26 15:13:04  WARN UUIDHexGenerator:58 - Using org.hibernate.id.UUIDHexGenerator which does not generate IETF RFC 4122 compliant UUID values; consider using org.hibernate.id.UUIDGenerator instead
2016-12-26 15:13:06  INFO EhCacheManagerFactoryBean:100 - Initializing EHCache CacheManager
2016-12-26 15:13:08  INFO XmlBeanDefinitionReader:315 - Loading XML bean definitions from class path resource [conf/spring-views.xml]
2016-12-26 15:13:08  INFO DefaultListableBeanFactory:557 - Pre-instantiating singletons in org.springframework.beans.factory.support.DefaultListableBeanFactory@3d4c71b1: defining beans [error,success]; parent: org.springframework.beans.factory.support.DefaultListableBeanFactory@91456c5
2016-12-26 15:13:08  INFO UpdateChecker:98 - New update(s) found: 2.6.5 [http://www.terracotta.org/confluence/display/release/Release+Notes+Ehcache+Core+2.6]. Please check http://ehcache.org for the latest version.
2016-12-26 15:14:16  INFO AnalysisAdvice:39 - 执行类：com.wondersgroup.hall.service.LoginService
2016-12-26 15:14:16  INFO AnalysisAdvice:40 - 执行类方法：getUserInfo
2016-12-26 15:14:16  INFO AnalysisAdvice:41 - 执行时间：284毫秒
2016-12-26 15:14:28  INFO AnalysisAdvice:39 - 执行类：com.wondersgroup.bizhall.business.service.ChannelService
2016-12-26 15:14:28  INFO AnalysisAdvice:40 - 执行类方法：verify
2016-12-26 15:14:28  INFO AnalysisAdvice:41 - 执行时间：33毫秒
2016-12-26 15:14:29  INFO AnalysisAdvice:39 - 执行类：com.wondersgroup.bizhall.business.service.QueryService
2016-12-26 15:14:29  INFO AnalysisAdvice:40 - 执行类方法：findApplyByConditionWithPage
2016-12-26 15:14:29  INFO AnalysisAdvice:41 - 执行时间：220毫秒
2016-12-26 15:14:30  INFO AnalysisAdvice:39 - 执行类：com.wondersgroup.bizhall.business.service.QueryService
2016-12-26 15:14:30  INFO AnalysisAdvice:40 - 执行类方法：findApplyByConditionWithPage
2016-12-26 15:14:30  INFO AnalysisAdvice:41 - 执行时间：8毫秒
2016-12-26 15:14:31  INFO AnalysisAdvice:39 - 执行类：com.wondersgroup.bizhall.business.service.QueryService
2016-12-26 15:14:31  INFO AnalysisAdvice:40 - 执行类方法：ifDuplicateApplyExist
2016-12-26 15:14:31  INFO AnalysisAdvice:41 - 执行时间：54毫秒
2016-12-26 15:14:31  INFO AnalysisAdvice:39 - 执行类：com.wondersgroup.bizhall.business.service.QueryService
2016-12-26 15:14:31  INFO AnalysisAdvice:40 - 执行类方法：countApplyByEtpsnameAndNameid
2016-12-26 15:14:31  INFO AnalysisAdvice:41 - 执行时间：21毫秒
2016-12-26 15:14:31  INFO AnalysisAdvice:39 - 执行类：com.wondersgroup.bizhall.business.service.QueryService
2016-12-26 15:14:31  INFO AnalysisAdvice:40 - 执行类方法：queryNameInfoByNameId
2016-12-26 15:14:31  INFO AnalysisAdvice:41 - 执行时间：168毫秒
2016-12-26 15:14:32  INFO AnalysisAdvice:39 - 执行类：com.wondersgroup.bizhall.business.service.QueryService
2016-12-26 15:14:32  INFO AnalysisAdvice:40 - 执行类方法：getNameNew
2016-12-26 15:14:32  INFO AnalysisAdvice:41 - 执行时间：44毫秒
2016-12-26 15:14:32  INFO AnalysisAdvice:39 - 执行类：com.wondersgroup.bizhall.serial.service.SerialService
2016-12-26 15:14:32  INFO AnalysisAdvice:40 - 执行类方法：updateAndGetPlainSerialNo
2016-12-26 15:14:32  INFO AnalysisAdvice:41 - 执行时间：80毫秒
2016-12-26 15:14:32  INFO AnalysisAdvice:39 - 执行类：com.wondersgroup.bizhall.business.service.ApplyService
2016-12-26 15:14:32  INFO AnalysisAdvice:40 - 执行类方法：generateEntityId
2016-12-26 15:14:32  INFO AnalysisAdvice:41 - 执行时间：82毫秒
2016-12-26 15:14:32  INFO AnalysisAdvice:39 - 执行类：com.wondersgroup.bizhall.serial.service.SerialService
2016-12-26 15:14:32  INFO AnalysisAdvice:40 - 执行类方法：updateAndGetSequenceNo
2016-12-26 15:14:32  INFO AnalysisAdvice:41 - 执行时间：17毫秒
2016-12-26 15:14:32  INFO AnalysisAdvice:39 - 执行类：com.wondersgroup.bizhall.serial.service.SerialService
2016-12-26 15:14:32  INFO AnalysisAdvice:40 - 执行类方法：updateAndGetPlainSerialNo
2016-12-26 15:14:32  INFO AnalysisAdvice:41 - 执行时间：18毫秒
2016-12-26 15:14:32  INFO AnalysisAdvice:39 - 执行类：com.wondersgroup.bizhall.business.service.ApplyService
2016-12-26 15:14:32  INFO AnalysisAdvice:40 - 执行类方法：generateAppNo
2016-12-26 15:14:32  INFO AnalysisAdvice:41 - 执行时间：34毫秒
2016-12-26 15:14:32  INFO AnalysisAdvice:39 - 执行类：com.wondersgroup.bizhall.business.service.ApplyService
2016-12-26 15:14:32  INFO AnalysisAdvice:40 - 执行类方法：saveApply
2016-12-26 15:14:32  INFO AnalysisAdvice:41 - 执行时间：69毫秒
2016-12-26 15:14:32  INFO AnalysisAdvice:39 - 执行类：com.wondersgroup.bizhall.business.service.QueryService
2016-12-26 15:14:32  INFO AnalysisAdvice:40 - 执行类方法：queryParentInfoByName
2016-12-26 15:14:32  INFO AnalysisAdvice:41 - 执行时间：29毫秒
2016-12-26 15:15:12  INFO AnalysisAdvice:39 - 执行类：com.wondersgroup.bizhall.business.service.QueryService
2016-12-26 15:15:12  INFO AnalysisAdvice:40 - 执行类方法：getEtpsApp
2016-12-26 15:15:12  INFO AnalysisAdvice:41 - 执行时间：346毫秒
2016-12-26 15:15:12  INFO AnalysisAdvice:39 - 执行类：com.wondersgroup.bizhall.business.service.ApplyService
2016-12-26 15:15:12  INFO AnalysisAdvice:40 - 执行类方法：updateApply
2016-12-26 15:15:12  INFO AnalysisAdvice:41 - 执行时间：75毫秒
2016-12-26 15:15:12  INFO AnalysisAdvice:39 - 执行类：com.wondersgroup.bizhall.business.service.QueryService
2016-12-26 15:15:12  INFO AnalysisAdvice:40 - 执行类方法：getEtpsApp
2016-12-26 15:15:12  INFO AnalysisAdvice:41 - 执行时间：14毫秒
2016-12-26 15:15:13  INFO AnalysisAdvice:39 - 执行类：com.wondersgroup.bizhall.business.service.QueryService
2016-12-26 15:15:13  INFO AnalysisAdvice:40 - 执行类方法：getEtpsApp
2016-12-26 15:15:13  INFO AnalysisAdvice:41 - 执行时间：258毫秒
2016-12-26 15:15:13  INFO AnalysisAdvice:39 - 执行类：com.wondersgroup.bizhall.business.service.EtpsAfterPermitService
2016-12-26 15:15:13  INFO AnalysisAdvice:40 - 执行类方法：findBy
2016-12-26 15:15:13  INFO AnalysisAdvice:41 - 执行时间：10毫秒
2016-12-26 15:15:13  INFO AnalysisAdvice:39 - 执行类：com.wondersgroup.bizhall.business.service.QueryService
2016-12-26 15:15:13  INFO AnalysisAdvice:40 - 执行类方法：queryNameInfo
2016-12-26 15:15:13  INFO AnalysisAdvice:41 - 执行时间：397毫秒
2016-12-26 15:15:13  INFO AnalysisAdvice:39 - 执行类：com.wondersgroup.bizhall.business.service.QueryService
2016-12-26 15:15:13  INFO AnalysisAdvice:40 - 执行类方法：queryParentInfoByName
2016-12-26 15:15:13  INFO AnalysisAdvice:41 - 执行时间：17毫秒
2016-12-26 15:15:16  INFO AnalysisAdvice:39 - 执行类：com.wondersgroup.bizhall.business.service.QueryService
2016-12-26 15:15:16  INFO AnalysisAdvice:40 - 执行类方法：countApplyByEtpsnameAndNameid
2016-12-26 15:15:16  INFO AnalysisAdvice:41 - 执行时间：21毫秒
2016-12-26 15:15:16  INFO AnalysisAdvice:39 - 执行类：com.wondersgroup.bizhall.business.service.QueryService
2016-12-26 15:15:16  INFO AnalysisAdvice:40 - 执行类方法：getEtpsApp
2016-12-26 15:15:16  INFO AnalysisAdvice:41 - 执行时间：245毫秒
2016-12-26 15:15:16  INFO AnalysisAdvice:39 - 执行类：com.wondersgroup.bizhall.business.service.EtpsAfterPermitService
2016-12-26 15:15:16  INFO AnalysisAdvice:40 - 执行类方法：findBy
2016-12-26 15:15:16  INFO AnalysisAdvice:41 - 执行时间：11毫秒
2016-12-26 15:15:16  INFO AnalysisAdvice:39 - 执行类：com.wondersgroup.bizhall.business.service.QueryService
2016-12-26 15:15:16  INFO AnalysisAdvice:40 - 执行类方法：queryNameInfo
2016-12-26 15:15:16  INFO AnalysisAdvice:41 - 执行时间：391毫秒
2016-12-26 15:15:16  INFO AnalysisAdvice:39 - 执行类：com.wondersgroup.bizhall.business.service.QueryService
2016-12-26 15:15:16  INFO AnalysisAdvice:40 - 执行类方法：queryParentInfoByName
2016-12-26 15:15:16  INFO AnalysisAdvice:41 - 执行时间：16毫秒
2016-12-26 15:15:17  INFO AnalysisAdvice:39 - 执行类：com.wondersgroup.bizhall.business.service.QueryService
2016-12-26 15:15:17  INFO AnalysisAdvice:40 - 执行类方法：findApplyByConditionWithPage
2016-12-26 15:15:17  INFO AnalysisAdvice:41 - 执行时间：8毫秒
2016-12-26 15:15:18  INFO AnalysisAdvice:39 - 执行类：com.wondersgroup.bizhall.business.service.QueryService
2016-12-26 15:15:18  INFO AnalysisAdvice:40 - 执行类方法：findApplyByConditionWithPage
2016-12-26 15:15:18  INFO AnalysisAdvice:41 - 执行时间：53毫秒
2016-12-26 15:15:38  INFO AnalysisAdvice:39 - 执行类：com.wondersgroup.bizhall.business.service.ChannelService
2016-12-26 15:15:38  INFO AnalysisAdvice:40 - 执行类方法：verify
2016-12-26 15:15:38  INFO AnalysisAdvice:41 - 执行时间：9毫秒
2016-12-26 15:15:40  INFO AnalysisAdvice:39 - 执行类：com.wondersgroup.bizhall.business.service.QueryService
2016-12-26 15:15:40  INFO AnalysisAdvice:40 - 执行类方法：findApplyByConditionWithPage
2016-12-26 15:15:40  INFO AnalysisAdvice:41 - 执行时间：37毫秒
2016-12-26 15:15:42  INFO AnalysisAdvice:39 - 执行类：com.wondersgroup.bizhall.business.service.QueryService
2016-12-26 15:15:42  INFO AnalysisAdvice:40 - 执行类方法：findApplyByConditionWithPage
2016-12-26 15:15:42  INFO AnalysisAdvice:41 - 执行时间：76毫秒
2016-12-26 15:15:45  INFO AnalysisAdvice:39 - 执行类：com.wondersgroup.bizhall.business.service.ApplyService
2016-12-26 15:15:45  INFO AnalysisAdvice:40 - 执行类方法：deleteApply
2016-12-26 15:15:45  INFO AnalysisAdvice:41 - 执行时间：32毫秒
2016-12-26 15:15:45  INFO AnalysisAdvice:39 - 执行类：com.wondersgroup.bizhall.business.service.QueryService
2016-12-26 15:15:45  INFO AnalysisAdvice:40 - 执行类方法：findApplyByConditionWithPage
2016-12-26 15:15:45  INFO AnalysisAdvice:41 - 执行时间：7毫秒
2016-12-26 15:15:45  INFO AnalysisAdvice:39 - 执行类：com.wondersgroup.bizhall.business.service.QueryService
2016-12-26 15:15:45  INFO AnalysisAdvice:40 - 执行类方法：findApplyByConditionWithPage
2016-12-26 15:15:45  INFO AnalysisAdvice:41 - 执行时间：16毫秒
2016-12-26 15:15:47  INFO AnalysisAdvice:39 - 执行类：com.wondersgroup.bizhall.business.service.QueryService
2016-12-26 15:15:47  INFO AnalysisAdvice:40 - 执行类方法：findApplyByConditionWithPage
2016-12-26 15:15:47  INFO AnalysisAdvice:41 - 执行时间：17毫秒
2016-12-26 15:15:49  INFO AnalysisAdvice:39 - 执行类：com.wondersgroup.bizhall.business.service.QueryService
2016-12-26 15:15:49  INFO AnalysisAdvice:40 - 执行类方法：ifDuplicateApplyExist
2016-12-26 15:15:49  INFO AnalysisAdvice:41 - 执行时间：13毫秒
2016-12-26 15:15:49  INFO AnalysisAdvice:39 - 执行类：com.wondersgroup.bizhall.business.service.QueryService
2016-12-26 15:15:49  INFO AnalysisAdvice:40 - 执行类方法：countApplyByEtpsnameAndNameid
2016-12-26 15:15:49  INFO AnalysisAdvice:41 - 执行时间：16毫秒
2016-12-26 15:15:49  INFO AnalysisAdvice:39 - 执行类：com.wondersgroup.bizhall.business.service.QueryService
2016-12-26 15:15:49  INFO AnalysisAdvice:40 - 执行类方法：queryNameInfoByNameId
2016-12-26 15:15:49  INFO AnalysisAdvice:41 - 执行时间：85毫秒
2016-12-26 15:15:49  INFO AnalysisAdvice:39 - 执行类：com.wondersgroup.bizhall.business.service.QueryService
2016-12-26 15:15:49  INFO AnalysisAdvice:40 - 执行类方法：getNameNew
2016-12-26 15:15:49  INFO AnalysisAdvice:41 - 执行时间：37毫秒
2016-12-26 15:15:49  INFO AnalysisAdvice:39 - 执行类：com.wondersgroup.bizhall.serial.service.SerialService
2016-12-26 15:15:49  INFO AnalysisAdvice:40 - 执行类方法：updateAndGetSequenceNo
2016-12-26 15:15:49  INFO AnalysisAdvice:41 - 执行时间：9毫秒
2016-12-26 15:15:49  INFO AnalysisAdvice:39 - 执行类：com.wondersgroup.bizhall.serial.service.SerialService
2016-12-26 15:15:49  INFO AnalysisAdvice:40 - 执行类方法：updateAndGetPlainSerialNo
2016-12-26 15:15:49  INFO AnalysisAdvice:41 - 执行时间：17毫秒
2016-12-26 15:15:49  INFO AnalysisAdvice:39 - 执行类：com.wondersgroup.bizhall.business.service.ApplyService
2016-12-26 15:15:49  INFO AnalysisAdvice:40 - 执行类方法：generateAppNo
2016-12-26 15:15:49  INFO AnalysisAdvice:41 - 执行时间：18毫秒
2016-12-26 15:15:49  INFO AnalysisAdvice:39 - 执行类：com.wondersgroup.bizhall.business.service.ApplyService
2016-12-26 15:15:49  INFO AnalysisAdvice:40 - 执行类方法：saveApply
2016-12-26 15:15:49  INFO AnalysisAdvice:41 - 执行时间：76毫秒
2016-12-26 15:15:49  INFO AnalysisAdvice:39 - 执行类：com.wondersgroup.bizhall.business.service.QueryService
2016-12-26 15:15:49  INFO AnalysisAdvice:40 - 执行类方法：queryParentInfoByName
2016-12-26 15:15:49  INFO AnalysisAdvice:41 - 执行时间：31毫秒
2016-12-26 15:16:20  INFO AnalysisAdvice:39 - 执行类：com.wondersgroup.bizhall.business.service.QueryService
2016-12-26 15:16:20  INFO AnalysisAdvice:40 - 执行类方法：getInvestor
2016-12-26 15:16:20  INFO AnalysisAdvice:41 - 执行时间：61毫秒
2016-12-26 15:16:20  INFO AnalysisAdvice:39 - 执行类：com.wondersgroup.bizhall.business.service.QueryService
2016-12-26 15:16:20  INFO AnalysisAdvice:40 - 执行类方法：getEtpsApp
2016-12-26 15:16:20  INFO AnalysisAdvice:41 - 执行时间：30毫秒
2016-12-26 15:16:20  INFO AnalysisAdvice:39 - 执行类：com.wondersgroup.bizhall.business.service.InvestorService
2016-12-26 15:16:20  INFO AnalysisAdvice:40 - 执行类方法：getVerifyCptl
2016-12-26 15:16:20  INFO AnalysisAdvice:41 - 执行时间：13毫秒
2016-12-26 15:16:23  INFO AnalysisAdvice:39 - 执行类：com.wondersgroup.bizhall.business.service.QueryService
2016-12-26 15:16:23  INFO AnalysisAdvice:40 - 执行类方法：getInvestor
2016-12-26 15:16:23  INFO AnalysisAdvice:41 - 执行时间：53毫秒
2016-12-26 15:16:35  INFO AnalysisAdvice:39 - 执行类：com.wondersgroup.bizhall.business.service.QueryService
2016-12-26 15:16:35  INFO AnalysisAdvice:40 - 执行类方法：getInvestor
2016-12-26 15:16:35  INFO AnalysisAdvice:41 - 执行时间：29毫秒
2016-12-26 15:16:35  INFO AnalysisAdvice:39 - 执行类：com.wondersgroup.bizhall.business.service.QueryService
2016-12-26 15:16:35  INFO AnalysisAdvice:40 - 执行类方法：getEtpsApp
2016-12-26 15:16:35  INFO AnalysisAdvice:41 - 执行时间：16毫秒
2016-12-26 15:16:35  INFO AnalysisAdvice:39 - 执行类：com.wondersgroup.bizhall.serial.service.SerialService
2016-12-26 15:16:35  INFO AnalysisAdvice:40 - 执行类方法：updateAndGetPlainSerialNo
2016-12-26 15:16:35  INFO AnalysisAdvice:41 - 执行时间：15毫秒
2016-12-26 15:16:36  INFO AnalysisAdvice:39 - 执行类：com.wondersgroup.bizhall.business.service.InvestorService
2016-12-26 15:16:36  INFO AnalysisAdvice:40 - 执行类方法：updateInvestor
2016-12-26 15:16:36  INFO AnalysisAdvice:41 - 执行时间：135毫秒
2016-12-26 15:17:01  INFO AnalysisAdvice:39 - 执行类：com.wondersgroup.bizhall.business.service.QueryService
2016-12-26 15:17:01  INFO AnalysisAdvice:40 - 执行类方法：queryInvestorByAppNo
2016-12-26 15:17:01  INFO AnalysisAdvice:41 - 执行时间：18毫秒
2016-12-26 15:17:03  INFO AnalysisAdvice:39 - 执行类：com.wondersgroup.bizhall.business.service.QueryService
2016-12-26 15:17:03  INFO AnalysisAdvice:40 - 执行类方法：getInvestor
2016-12-26 15:17:03  INFO AnalysisAdvice:41 - 执行时间：13毫秒
2016-12-26 15:17:05  INFO AnalysisAdvice:39 - 执行类：com.wondersgroup.bizhall.business.service.MemberService
2016-12-26 15:17:05  INFO AnalysisAdvice:40 - 执行类方法：saveMember
2016-12-26 15:17:05  INFO AnalysisAdvice:41 - 执行时间：14毫秒
2016-12-26 15:17:07  INFO AnalysisAdvice:39 - 执行类：com.wondersgroup.bizhall.business.service.QueryService
2016-12-26 15:17:07  INFO AnalysisAdvice:40 - 执行类方法：queryInvestorByAppNo
2016-12-26 15:17:07  INFO AnalysisAdvice:41 - 执行时间：18毫秒
2016-12-26 15:17:08  INFO AnalysisAdvice:39 - 执行类：com.wondersgroup.bizhall.business.service.QueryService
2016-12-26 15:17:08  INFO AnalysisAdvice:40 - 执行类方法：getInvestor
2016-12-26 15:17:08  INFO AnalysisAdvice:41 - 执行时间：24毫秒
2016-12-26 15:17:10  INFO AnalysisAdvice:39 - 执行类：com.wondersgroup.bizhall.business.service.MemberService
2016-12-26 15:17:10  INFO AnalysisAdvice:40 - 执行类方法：saveMember
2016-12-26 15:17:10  INFO AnalysisAdvice:41 - 执行时间：20毫秒
2016-12-26 15:17:55  INFO AnalysisAdvice:39 - 执行类：com.wondersgroup.bizhall.business.service.QueryService
2016-12-26 15:17:55  INFO AnalysisAdvice:40 - 执行类方法：getEtpsApp
2016-12-26 15:17:55  INFO AnalysisAdvice:41 - 执行时间：393毫秒
2016-12-26 15:17:55  INFO AnalysisAdvice:39 - 执行类：com.wondersgroup.bizhall.business.service.ApplyService
2016-12-26 15:17:55  INFO AnalysisAdvice:40 - 执行类方法：updateApply
2016-12-26 15:17:55  INFO AnalysisAdvice:41 - 执行时间：275毫秒
2016-12-26 15:17:55  INFO AnalysisAdvice:39 - 执行类：com.wondersgroup.bizhall.business.service.QueryService
2016-12-26 15:17:55  INFO AnalysisAdvice:40 - 执行类方法：getEtpsApp
2016-12-26 15:17:55  INFO AnalysisAdvice:41 - 执行时间：35毫秒
2016-12-26 15:17:55  INFO AnalysisAdvice:39 - 执行类：com.wondersgroup.bizhall.business.service.QueryService
2016-12-26 15:17:55  INFO AnalysisAdvice:40 - 执行类方法：getEtpsApp
2016-12-26 15:17:55  INFO AnalysisAdvice:41 - 执行时间：45毫秒
2016-12-27 09:37:09  INFO AnalysisAdvice:39 - 执行类：com.wondersgroup.hall.service.LoginService
2016-12-27 09:37:09  INFO AnalysisAdvice:40 - 执行类方法：getUserInfo
2016-12-27 09:37:09  INFO AnalysisAdvice:41 - 执行时间：360毫秒
2016-12-27 09:37:10  INFO AnalysisAdvice:39 - 执行类：com.wondersgroup.hall.service.LoginService
2016-12-27 09:37:10  INFO AnalysisAdvice:40 - 执行类方法：getUserInfo
2016-12-27 09:37:10  INFO AnalysisAdvice:41 - 执行时间：430毫秒
2016-12-27 09:37:10  INFO AnalysisAdvice:39 - 执行类：com.wondersgroup.hall.service.LoginService
2016-12-27 09:37:10  INFO AnalysisAdvice:40 - 执行类方法：getUserInfo
2016-12-27 09:37:10  INFO AnalysisAdvice:41 - 执行时间：508毫秒
2016-12-27 09:37:24  INFO AnalysisAdvice:39 - 执行类：com.wondersgroup.bizhall.business.service.ChannelService
2016-12-27 09:37:24  INFO AnalysisAdvice:40 - 执行类方法：verify
2016-12-27 09:37:24  INFO AnalysisAdvice:41 - 执行时间：46毫秒
2016-12-27 09:37:25  INFO AnalysisAdvice:39 - 执行类：com.wondersgroup.bizhall.business.service.QueryService
2016-12-27 09:37:25  INFO AnalysisAdvice:40 - 执行类方法：findApplyByConditionWithPage
2016-12-27 09:37:25  INFO AnalysisAdvice:41 - 执行时间：198毫秒
2016-12-27 09:37:27  INFO AnalysisAdvice:39 - 执行类：com.wondersgroup.bizhall.business.service.QueryService
2016-12-27 09:37:27  INFO AnalysisAdvice:40 - 执行类方法：getEtpsApp
2016-12-27 09:37:27  INFO AnalysisAdvice:41 - 执行时间：24毫秒
2016-12-27 09:37:28  INFO AnalysisAdvice:39 - 执行类：com.wondersgroup.bizhall.business.service.QueryService
2016-12-27 09:37:28  INFO AnalysisAdvice:40 - 执行类方法：getEtpsApp
2016-12-27 09:37:28  INFO AnalysisAdvice:41 - 执行时间：1086毫秒
2016-12-27 09:37:28  INFO AnalysisAdvice:39 - 执行类：com.wondersgroup.bizhall.business.service.EtpsAfterPermitService
2016-12-27 09:37:28  INFO AnalysisAdvice:40 - 执行类方法：findBy
2016-12-27 09:37:28  INFO AnalysisAdvice:41 - 执行时间：6毫秒
2016-12-27 09:37:30  INFO AnalysisAdvice:39 - 执行类：com.wondersgroup.bizhall.business.service.QueryService
2016-12-27 09:37:30  INFO AnalysisAdvice:40 - 执行类方法：queryNameInfo
2016-12-27 09:37:30  INFO AnalysisAdvice:41 - 执行时间：1933毫秒
2016-12-27 09:37:30  INFO AnalysisAdvice:39 - 执行类：com.wondersgroup.bizhall.business.service.QueryService
2016-12-27 09:37:30  INFO AnalysisAdvice:40 - 执行类方法：queryParentInfoByName
2016-12-27 09:37:30  INFO AnalysisAdvice:41 - 执行时间：18毫秒
2016-12-27 09:37:32  WARN JDBCExceptionReporter:233 - SQL Error: -79716, SQLState: IX000
2016-12-27 09:37:32 ERROR JDBCExceptionReporter:234 - System or internal error java.net.SocketTimeoutException: Read timed out
2016-12-27 09:37:32  WARN JDBCExceptionReporter:233 - SQL Error: 0, SQLState: null
2016-12-27 09:37:32 ERROR JDBCExceptionReporter:234 - Already closed.
2016-12-27 09:37:32  WARN JDBCExceptionReporter:233 - SQL Error: 0, SQLState: null
2016-12-27 09:37:32 ERROR JDBCExceptionReporter:234 - Already closed.
2016-12-27 11:14:20  INFO InitServlet:36 -  [InitServlet.init()] hashcode = 1115337740
2016-12-27 11:14:22  INFO InitServlet:43 -  [InitServlet.init()] success !!!! 
2016-12-27 11:14:22  INFO XmlBeanDefinitionReader:315 - Loading XML bean definitions from class path resource [conf/spring-context.xml]
2016-12-27 11:14:23  INFO XmlBeanDefinitionReader:315 - Loading XML bean definitions from class path resource [conf/spring-mvc.xml]
2016-12-27 11:14:24  INFO PropertySourcesPlaceholderConfigurer:177 - Loading properties file from class path resource [hibernate.properties]
2016-12-27 11:14:25  INFO DefaultListableBeanFactory:557 - Pre-instantiating singletons in org.springframework.beans.factory.support.DefaultListableBeanFactory@52ed3b53: defining beans [bankDecodeLogDAO,bankOperationLogDAO,etpsInfoBankDAO,etpsInvestorBankDAO,bankUserDAO,bankService,bankLoginService,dicHallDao,disputeDao,queryDAO,sysOrganSequenceNoDao,unicodeDao,zwdtBaseInfoDao,zwdtFlowDao,appendixService,applyService,appointCodeService,channelService,disputeService,etpsAfterPermitService,etpsBlocService,investorService,memberService,queryService,unicodeUtil,xmlUtils,sysMaxSerialNoDAO,sysmSequenceDAO,serialService,baseDAO,dicProcessPlaceDao,analysisAdvice,dicProcessPlaceService,userDAO,loginService,org.springframework.context.annotation.internalConfigurationAnnotationProcessor,org.springframework.context.annotation.internalAutowiredAnnotationProcessor,org.springframework.context.annotation.internalRequiredAnnotationProcessor,org.springframework.context.annotation.internalCommonAnnotationProcessor,org.springframework.context.annotation.internalPersistenceAnnotationProcessor,org.springframework.aop.config.internalAutoProxyCreator,org.springframework.cache.annotation.AnnotationCacheOperationSource#0,org.springframework.cache.interceptor.CacheInterceptor#0,org.springframework.cache.config.internalCacheAdvisor,cacheManagerFactory,cacheManager,org.springframework.context.support.PropertySourcesPlaceholderConfigurer#0,dataSource,sessionFactory,defaultLobHandler,nativeJdbcExtractor,txManager,org.springframework.transaction.annotation.AnnotationTransactionAttributeSource#0,org.springframework.transaction.interceptor.TransactionInterceptor#0,org.springframework.transaction.config.internalTransactionAdvisor,bankController,fileController,bankLoginController,appendixController,applyController,channelController,disputeController,bizhallEntryController,establishController,etpsAfterPermitController,etpsBlocController,investorController,memberController,queryController,entryController,loginController,outerController,org.springframework.web.servlet.mvc.annotation.AnnotationMethodHandlerAdapter#0,org.springframework.web.servlet.mvc.annotation.DefaultAnnotationHandlerMapping#0,org.springframework.web.servlet.view.InternalResourceViewResolver#0,org.springframework.web.servlet.view.XmlViewResolver#0,org.springframework.web.servlet.view.UrlBasedViewResolver#0,tilesConfigurer,themeSource,themeResolver,themeChangeInterceptor,sessionInterceptor,org.springframework.web.servlet.resource.DefaultServletHttpRequestHandler#0,org.springframework.web.servlet.handler.SimpleUrlHandlerMapping#0,org.springframework.web.servlet.handler.BeanNameUrlHandlerMapping,org.springframework.web.servlet.mvc.HttpRequestHandlerAdapter,org.springframework.web.servlet.mvc.SimpleControllerHandlerAdapter,exceptionResolver,org.springframework.context.annotation.ConfigurationClassPostProcessor$ImportAwareBeanPostProcessor#0]; root of factory hierarchy
2016-12-27 11:14:26  WARN DTDEntityResolver:73 - recognized obsolete hibernate namespace http://hibernate.sourceforge.net/. Use namespace http://www.hibernate.org/dtd/ instead. Refer to Hibernate 3.6 Migration Guide!
2016-12-27 11:14:26  WARN DTDEntityResolver:73 - recognized obsolete hibernate namespace http://hibernate.sourceforge.net/. Use namespace http://www.hibernate.org/dtd/ instead. Refer to Hibernate 3.6 Migration Guide!
2016-12-27 11:14:26  WARN DTDEntityResolver:73 - recognized obsolete hibernate namespace http://hibernate.sourceforge.net/. Use namespace http://www.hibernate.org/dtd/ instead. Refer to Hibernate 3.6 Migration Guide!
2016-12-27 11:14:26  WARN DTDEntityResolver:73 - recognized obsolete hibernate namespace http://hibernate.sourceforge.net/. Use namespace http://www.hibernate.org/dtd/ instead. Refer to Hibernate 3.6 Migration Guide!
2016-12-27 11:14:26  WARN DTDEntityResolver:73 - recognized obsolete hibernate namespace http://hibernate.sourceforge.net/. Use namespace http://www.hibernate.org/dtd/ instead. Refer to Hibernate 3.6 Migration Guide!
2016-12-27 11:14:26  WARN DTDEntityResolver:73 - recognized obsolete hibernate namespace http://hibernate.sourceforge.net/. Use namespace http://www.hibernate.org/dtd/ instead. Refer to Hibernate 3.6 Migration Guide!
2016-12-27 11:14:26  WARN DTDEntityResolver:73 - recognized obsolete hibernate namespace http://hibernate.sourceforge.net/. Use namespace http://www.hibernate.org/dtd/ instead. Refer to Hibernate 3.6 Migration Guide!
2016-12-27 11:14:26  WARN DTDEntityResolver:73 - recognized obsolete hibernate namespace http://hibernate.sourceforge.net/. Use namespace http://www.hibernate.org/dtd/ instead. Refer to Hibernate 3.6 Migration Guide!
2016-12-27 11:14:26  WARN DTDEntityResolver:73 - recognized obsolete hibernate namespace http://hibernate.sourceforge.net/. Use namespace http://www.hibernate.org/dtd/ instead. Refer to Hibernate 3.6 Migration Guide!
2016-12-27 11:14:26  WARN DTDEntityResolver:73 - recognized obsolete hibernate namespace http://hibernate.sourceforge.net/. Use namespace http://www.hibernate.org/dtd/ instead. Refer to Hibernate 3.6 Migration Guide!
2016-12-27 11:14:26  WARN DTDEntityResolver:73 - recognized obsolete hibernate namespace http://hibernate.sourceforge.net/. Use namespace http://www.hibernate.org/dtd/ instead. Refer to Hibernate 3.6 Migration Guide!
2016-12-27 11:14:26  WARN DTDEntityResolver:73 - recognized obsolete hibernate namespace http://hibernate.sourceforge.net/. Use namespace http://www.hibernate.org/dtd/ instead. Refer to Hibernate 3.6 Migration Guide!
2016-12-27 11:14:27  INFO AnnotationSessionFactoryBean:777 - Building new Hibernate SessionFactory
2016-12-27 11:14:28  WARN UUIDHexGenerator:58 - Using org.hibernate.id.UUIDHexGenerator which does not generate IETF RFC 4122 compliant UUID values; consider using org.hibernate.id.UUIDGenerator instead
2016-12-27 11:14:29  INFO EhCacheManagerFactoryBean:100 - Initializing EHCache CacheManager
2016-12-27 11:14:31  INFO XmlBeanDefinitionReader:315 - Loading XML bean definitions from class path resource [conf/spring-views.xml]
2016-12-27 11:14:31  INFO DefaultListableBeanFactory:557 - Pre-instantiating singletons in org.springframework.beans.factory.support.DefaultListableBeanFactory@438620c7: defining beans [error,success]; parent: org.springframework.beans.factory.support.DefaultListableBeanFactory@52ed3b53
2016-12-27 11:14:31  INFO UpdateChecker:98 - New update(s) found: 2.6.5 [http://www.terracotta.org/confluence/display/release/Release+Notes+Ehcache+Core+2.6]. Please check http://ehcache.org for the latest version.
2016-12-27 14:29:29  INFO DefaultListableBeanFactory:557 - Pre-instantiating singletons in org.springframework.beans.factory.support.DefaultListableBeanFactory@4d12bc7b: defining beans []; root of factory hierarchy
2016-12-27 14:29:48  WARN PageNotFound:1057 - No mapping found for HTTP request with URI [/goods/jsps/css/main.css] in DispatcherServlet with name 'dispatcherServlet'
2016-12-27 14:32:20  INFO DefaultListableBeanFactory:557 - Pre-instantiating singletons in org.springframework.beans.factory.support.DefaultListableBeanFactory@1d91eb90: defining beans []; root of factory hierarchy
2016-12-27 14:32:25  WARN PageNotFound:1057 - No mapping found for HTTP request with URI [/goods/jsps/css/main.css] in DispatcherServlet with name 'dispatcherServlet'
2016-12-27 14:34:23  WARN PageNotFound:1057 - No mapping found for HTTP request with URI [/goods/jsps/css/main.css] in DispatcherServlet with name 'dispatcherServlet'
2016-12-27 14:35:03  WARN PageNotFound:1057 - No mapping found for HTTP request with URI [/goods//jsps/css/main.css] in DispatcherServlet with name 'dispatcherServlet'
2016-12-27 14:35:08  WARN PageNotFound:1057 - No mapping found for HTTP request with URI [/goods/jsps/css/main.css] in DispatcherServlet with name 'dispatcherServlet'
2016-12-27 14:36:21  INFO DefaultListableBeanFactory:433 - Destroying singletons in org.springframework.beans.factory.support.DefaultListableBeanFactory@1d91eb90: defining beans []; root of factory hierarchy
2016-12-27 14:37:15  INFO DefaultListableBeanFactory:557 - Pre-instantiating singletons in org.springframework.beans.factory.support.DefaultListableBeanFactory@154db52b: defining beans []; root of factory hierarchy
2016-12-27 14:37:19  WARN PageNotFound:1057 - No mapping found for HTTP request with URI [/goods/jsps/css/main.css] in DispatcherServlet with name 'dispatcherServlet2'
2016-12-27 14:37:56  INFO DefaultListableBeanFactory:433 - Destroying singletons in org.springframework.beans.factory.support.DefaultListableBeanFactory@154db52b: defining beans []; root of factory hierarchy
2016-12-27 14:38:07  INFO DefaultListableBeanFactory:557 - Pre-instantiating singletons in org.springframework.beans.factory.support.DefaultListableBeanFactory@4d12bc7b: defining beans []; root of factory hierarchy
2016-12-27 14:38:10  WARN PageNotFound:1057 - No mapping found for HTTP request with URI [/goods/jsps/css/main.css] in DispatcherServlet with name 'dispatcherServlet'
2016-12-27 14:38:28  INFO DefaultListableBeanFactory:433 - Destroying singletons in org.springframework.beans.factory.support.DefaultListableBeanFactory@4d12bc7b: defining beans []; root of factory hierarchy
2016-12-27 14:38:30  INFO DefaultListableBeanFactory:557 - Pre-instantiating singletons in org.springframework.beans.factory.support.DefaultListableBeanFactory@69b3d448: defining beans []; root of factory hierarchy
2016-12-27 14:40:09  WARN PageNotFound:1057 - No mapping found for HTTP request with URI [/goods/jsps/css/main.css] in DispatcherServlet with name 'dispatcherServlet'
2016-12-27 14:41:01  INFO DefaultListableBeanFactory:433 - Destroying singletons in org.springframework.beans.factory.support.DefaultListableBeanFactory@69b3d448: defining beans []; root of factory hierarchy
2016-12-27 14:41:03  INFO DefaultListableBeanFactory:557 - Pre-instantiating singletons in org.springframework.beans.factory.support.DefaultListableBeanFactory@68db59b5: defining beans []; root of factory hierarchy
2016-12-27 14:41:15  INFO DefaultListableBeanFactory:557 - Pre-instantiating singletons in org.springframework.beans.factory.support.DefaultListableBeanFactory@28722969: defining beans []; root of factory hierarchy
2016-12-27 14:41:18  WARN PageNotFound:1057 - No mapping found for HTTP request with URI [/goods/] in DispatcherServlet with name 'dispatcherServlet'
2016-12-27 14:41:20  WARN PageNotFound:1057 - No mapping found for HTTP request with URI [/goods/] in DispatcherServlet with name 'dispatcherServlet'
2016-12-27 14:41:55  INFO DefaultListableBeanFactory:433 - Destroying singletons in org.springframework.beans.factory.support.DefaultListableBeanFactory@28722969: defining beans []; root of factory hierarchy
2016-12-27 14:42:15  INFO XmlBeanDefinitionReader:315 - Loading XML bean definitions from class path resource [conf/spring-context-junit.xml]
2016-12-27 14:42:15 ERROR DispatcherServlet:458 - Context initialization failed
org.springframework.beans.factory.BeanDefinitionStoreException: IOException parsing XML document from class path resource [conf/spring-context-junit.xml]; nested exception is java.io.FileNotFoundException: class path resource [conf/spring-context-junit.xml] cannot be opened because it does not exist
	at org.springframework.beans.factory.xml.XmlBeanDefinitionReader.loadBeanDefinitions(XmlBeanDefinitionReader.java:341)
	at org.springframework.beans.factory.xml.XmlBeanDefinitionReader.loadBeanDefinitions(XmlBeanDefinitionReader.java:302)
	at org.springframework.beans.factory.support.AbstractBeanDefinitionReader.loadBeanDefinitions(AbstractBeanDefinitionReader.java:174)
	at org.springframework.beans.factory.support.AbstractBeanDefinitionReader.loadBeanDefinitions(AbstractBeanDefinitionReader.java:209)
	at org.springframework.beans.factory.support.AbstractBeanDefinitionReader.loadBeanDefinitions(AbstractBeanDefinitionReader.java:180)
	at org.springframework.web.context.support.XmlWebApplicationContext.loadBeanDefinitions(XmlWebApplicationContext.java:125)
	at org.springframework.web.context.support.XmlWebApplicationContext.loadBeanDefinitions(XmlWebApplicationContext.java:94)
	at org.springframework.context.support.AbstractRefreshableApplicationContext.refreshBeanFactory(AbstractRefreshableApplicationContext.java:131)
	at org.springframework.context.support.AbstractApplicationContext.obtainFreshBeanFactory(AbstractApplicationContext.java:522)
	at org.springframework.context.support.AbstractApplicationContext.refresh(AbstractApplicationContext.java:436)
	at org.springframework.web.servlet.FrameworkServlet.configureAndRefreshWebApplicationContext(FrameworkServlet.java:632)
	at org.springframework.web.servlet.FrameworkServlet.createWebApplicationContext(FrameworkServlet.java:589)
	at org.springframework.web.servlet.FrameworkServlet.createWebApplicationContext(FrameworkServlet.java:646)
	at org.springframework.web.servlet.FrameworkServlet.initWebApplicationContext(FrameworkServlet.java:509)
	at org.springframework.web.servlet.FrameworkServlet.initServletBean(FrameworkServlet.java:450)
	at org.springframework.web.servlet.HttpServletBean.init(HttpServletBean.java:133)
	at javax.servlet.GenericServlet.init(GenericServlet.java:160)
	at org.apache.catalina.core.StandardWrapper.initServlet(StandardWrapper.java:1274)
	at org.apache.catalina.core.StandardWrapper.loadServlet(StandardWrapper.java:1186)
	at org.apache.catalina.core.StandardWrapper.load(StandardWrapper.java:1081)
	at org.apache.catalina.core.StandardContext.loadOnStartup(StandardContext.java:5033)
	at org.apache.catalina.core.StandardContext.startInternal(StandardContext.java:5320)
	at org.apache.catalina.util.LifecycleBase.start(LifecycleBase.java:150)
	at org.apache.catalina.core.ContainerBase.addChildInternal(ContainerBase.java:901)
	at org.apache.catalina.core.ContainerBase.addChild(ContainerBase.java:877)
	at org.apache.catalina.core.StandardHost.addChild(StandardHost.java:633)
	at org.apache.catalina.startup.HostConfig.deployDescriptor(HostConfig.java:657)
	at org.apache.catalina.startup.HostConfig$DeployDescriptor.run(HostConfig.java:1637)
	at java.util.concurrent.Executors$RunnableAdapter.call(Executors.java:439)
	at java.util.concurrent.FutureTask$Sync.innerRun(FutureTask.java:303)
	at java.util.concurrent.FutureTask.run(FutureTask.java:138)
	at java.util.concurrent.ThreadPoolExecutor$Worker.runTask(ThreadPoolExecutor.java:895)
	at java.util.concurrent.ThreadPoolExecutor$Worker.run(ThreadPoolExecutor.java:918)
	at java.lang.Thread.run(Thread.java:662)
Caused by: java.io.FileNotFoundException: class path resource [conf/spring-context-junit.xml] cannot be opened because it does not exist
	at org.springframework.core.io.ClassPathResource.getInputStream(ClassPathResource.java:158)
	at org.springframework.beans.factory.xml.XmlBeanDefinitionReader.loadBeanDefinitions(XmlBeanDefinitionReader.java:328)
	... 33 more
2016-12-27 14:45:15  INFO XmlBeanDefinitionReader:315 - Loading XML bean definitions from class path resource [conf/spring-context-junit.xml]
2016-12-27 14:45:15 ERROR DispatcherServlet:458 - Context initialization failed
org.springframework.beans.factory.BeanDefinitionStoreException: IOException parsing XML document from class path resource [conf/spring-context-junit.xml]; nested exception is java.io.FileNotFoundException: class path resource [conf/spring-context-junit.xml] cannot be opened because it does not exist
	at org.springframework.beans.factory.xml.XmlBeanDefinitionReader.loadBeanDefinitions(XmlBeanDefinitionReader.java:341)
	at org.springframework.beans.factory.xml.XmlBeanDefinitionReader.loadBeanDefinitions(XmlBeanDefinitionReader.java:302)
	at org.springframework.beans.factory.support.AbstractBeanDefinitionReader.loadBeanDefinitions(AbstractBeanDefinitionReader.java:174)
	at org.springframework.beans.factory.support.AbstractBeanDefinitionReader.loadBeanDefinitions(AbstractBeanDefinitionReader.java:209)
	at org.springframework.beans.factory.support.AbstractBeanDefinitionReader.loadBeanDefinitions(AbstractBeanDefinitionReader.java:180)
	at org.springframework.web.context.support.XmlWebApplicationContext.loadBeanDefinitions(XmlWebApplicationContext.java:125)
	at org.springframework.web.context.support.XmlWebApplicationContext.loadBeanDefinitions(XmlWebApplicationContext.java:94)
	at org.springframework.context.support.AbstractRefreshableApplicationContext.refreshBeanFactory(AbstractRefreshableApplicationContext.java:131)
	at org.springframework.context.support.AbstractApplicationContext.obtainFreshBeanFactory(AbstractApplicationContext.java:522)
	at org.springframework.context.support.AbstractApplicationContext.refresh(AbstractApplicationContext.java:436)
	at org.springframework.web.servlet.FrameworkServlet.configureAndRefreshWebApplicationContext(FrameworkServlet.java:632)
	at org.springframework.web.servlet.FrameworkServlet.createWebApplicationContext(FrameworkServlet.java:589)
	at org.springframework.web.servlet.FrameworkServlet.createWebApplicationContext(FrameworkServlet.java:646)
	at org.springframework.web.servlet.FrameworkServlet.initWebApplicationContext(FrameworkServlet.java:509)
	at org.springframework.web.servlet.FrameworkServlet.initServletBean(FrameworkServlet.java:450)
	at org.springframework.web.servlet.HttpServletBean.init(HttpServletBean.java:133)
	at javax.servlet.GenericServlet.init(GenericServlet.java:160)
	at org.apache.catalina.core.StandardWrapper.initServlet(StandardWrapper.java:1274)
	at org.apache.catalina.core.StandardWrapper.loadServlet(StandardWrapper.java:1186)
	at org.apache.catalina.core.StandardWrapper.load(StandardWrapper.java:1081)
	at org.apache.catalina.core.StandardContext.loadOnStartup(StandardContext.java:5033)
	at org.apache.catalina.core.StandardContext.startInternal(StandardContext.java:5320)
	at org.apache.catalina.util.LifecycleBase.start(LifecycleBase.java:150)
	at org.apache.catalina.core.ContainerBase.addChildInternal(ContainerBase.java:901)
	at org.apache.catalina.core.ContainerBase.addChild(ContainerBase.java:877)
	at org.apache.catalina.core.StandardHost.addChild(StandardHost.java:633)
	at org.apache.catalina.startup.HostConfig.deployDescriptor(HostConfig.java:657)
	at org.apache.catalina.startup.HostConfig$DeployDescriptor.run(HostConfig.java:1637)
	at java.util.concurrent.Executors$RunnableAdapter.call(Executors.java:439)
	at java.util.concurrent.FutureTask$Sync.innerRun(FutureTask.java:303)
	at java.util.concurrent.FutureTask.run(FutureTask.java:138)
	at java.util.concurrent.ThreadPoolExecutor$Worker.runTask(ThreadPoolExecutor.java:895)
	at java.util.concurrent.ThreadPoolExecutor$Worker.run(ThreadPoolExecutor.java:918)
	at java.lang.Thread.run(Thread.java:662)
Caused by: java.io.FileNotFoundException: class path resource [conf/spring-context-junit.xml] cannot be opened because it does not exist
	at org.springframework.core.io.ClassPathResource.getInputStream(ClassPathResource.java:158)
	at org.springframework.beans.factory.xml.XmlBeanDefinitionReader.loadBeanDefinitions(XmlBeanDefinitionReader.java:328)
	... 33 more
2016-12-27 14:45:48  INFO DefaultListableBeanFactory:557 - Pre-instantiating singletons in org.springframework.beans.factory.support.DefaultListableBeanFactory@25fe6783: defining beans []; root of factory hierarchy
2016-12-27 14:45:57  INFO DefaultListableBeanFactory:557 - Pre-instantiating singletons in org.springframework.beans.factory.support.DefaultListableBeanFactory@75f0f8ff: defining beans []; root of factory hierarchy
2016-12-27 14:46:34  WARN PageNotFound:1057 - No mapping found for HTTP request with URI [/goods/jsps/css/main.css] in DispatcherServlet with name 'dispatcherServlet'
2016-12-27 15:56:53  INFO DefaultListableBeanFactory:557 - Pre-instantiating singletons in org.springframework.beans.factory.support.DefaultListableBeanFactory@3834a1c8: defining beans []; root of factory hierarchy
